<?xml version="1.0" encoding="UTF-8"?>
<!-- Generated by org.testng.reporters.JUnitXMLReporter -->
<testsuite hostname="DTBLR01LP216" ignored="9" name="Test" tests="1" failures="0" timestamp="03 Jan 2023 10:27:57 GMT" time="34.596" errors="0">
  <testcase name="changePassword" time="16.494" classname="com.TestCasesLeavePortal.TC_001_EmployeeLoginTest"/>
  <testcase name="LeavePolicy" time="0.0" classname="com.TestCasesLeavePortal.TC_001_EmployeeLoginTest">
    <ignored/>
  </testcase> <!-- LeavePolicy -->
  <testcase name="holidayList" time="0.0" classname="com.TestCasesLeavePortal.TC_001_EmployeeLoginTest">
    <ignored/>
  </testcase> <!-- holidayList -->
  <testcase name="show_Leave_Details" time="0.0" classname="com.TestCasesLeavePortal.TC_001_EmployeeLoginTest">
    <ignored/>
  </testcase> <!-- show_Leave_Details -->
  <testcase name="LoginTest" time="0.0" classname="com.TestCasesLeavePortal.TC_001_EmployeeLoginTest">
    <ignored/>
  </testcase> <!-- LoginTest -->
  <testcase name="ViewLeaveDetail" time="0.0" classname="com.TestCasesLeavePortal.TC_001_EmployeeLoginTest">
    <ignored/>
  </testcase> <!-- ViewLeaveDetail -->
  <testcase name="CancelAppliedLeave" time="0.0" classname="com.TestCasesLeavePortal.TC_001_EmployeeLoginTest">
    <ignored/>
  </testcase> <!-- CancelAppliedLeave -->
  <testcase name="ChangePasswordDigit" time="0.0" classname="com.TestCasesLeavePortal.TC_001_EmployeeLoginTest">
    <ignored/>
  </testcase> <!-- ChangePasswordDigit -->
  <testcase name="show_Employee_Details" time="0.0" classname="com.TestCasesLeavePortal.TC_001_EmployeeLoginTest">
    <ignored/>
  </testcase> <!-- show_Employee_Details -->
  <testcase name="ApplyLeave" time="0.0" classname="com.TestCasesLeavePortal.TC_001_EmployeeLoginTest">
    <ignored/>
  </testcase> <!-- ApplyLeave -->
</testsuite> <!-- Test -->
